\BOOKMARK [1][-]{section.1}{Introduction}{}% 1
\BOOKMARK [2][-]{subsection.1.1}{Motivation}{section.1}% 2
\BOOKMARK [2][-]{subsection.1.2}{Objective}{section.1}% 3
\BOOKMARK [1][-]{section.2}{Optimization}{}% 4
\BOOKMARK [2][-]{subsection.2.1}{Optimization Model}{section.2}% 5
\BOOKMARK [2][-]{subsection.2.2}{Design Model}{section.2}% 6
\BOOKMARK [2][-]{subsection.2.3}{Analysis Model}{section.2}% 7
\BOOKMARK [2][-]{subsection.2.4}{Aero elastic sensitivity analysis}{section.2}% 8
\BOOKMARK [3][-]{subsubsection.2.4.1}{Direct vs. adjoint approach}{subsection.2.4}% 9
\BOOKMARK [1][-]{section.3}{Direct Sensitivity Analysis for the Euler equations}{}% 10
\BOOKMARK [1][-]{section.4}{Adjoint Sensitivity analysis for the Euler equations}{}% 11
\BOOKMARK [1][-]{section.5}{Eulerian and Lagrangian view}{}% 12
\BOOKMARK [2][-]{subsection.5.1}{Material derivative}{section.5}% 13
\BOOKMARK [2][-]{subsection.5.2}{Eulerian derivative}{section.5}% 14
\BOOKMARK [1][-]{section.6}{Basic equation of fluid mechanics}{}% 15
\BOOKMARK [2][-]{subsection.6.1}{Incompressible Navier Stokes Equations}{section.6}% 16
\BOOKMARK [2][-]{subsection.6.2}{Compressible Navier Stokes Equations}{section.6}% 17
\BOOKMARK [2][-]{subsection.6.3}{Conservative form}{section.6}% 18
\BOOKMARK [2][-]{subsection.6.4}{Euler equations}{section.6}% 19
\BOOKMARK [2][-]{subsection.6.5}{Equations of State}{section.6}% 20
\BOOKMARK [2][-]{subsection.6.6}{RANS Equations}{section.6}% 21
\BOOKMARK [1][-]{section.7}{Aeroelastic Optimization}{}% 22
\BOOKMARK [2][-]{subsection.7.1}{Staggered algorithm}{section.7}% 23
\BOOKMARK [1][-]{section.8}{The Finite Volume method}{}% 24
\BOOKMARK [2][-]{subsection.8.1}{General}{section.8}% 25
\BOOKMARK [2][-]{subsection.8.2}{Finite Volume method for fluid mechanics}{section.8}% 26
\BOOKMARK [1][-]{section.9}{Fiver}{}% 27
\BOOKMARK [2][-]{subsection.9.1}{Level-set method}{section.9}% 28
